Added Component: Designator=D1(1N4148_S)
Add component (AddParameter): Name = "Code_JEDEC"; Value = "DO-214-AA"; VariantName = "[No Variations]"
Add component (AddParameter): Name = "LatestRevisionDate"; Value = "17-Jul-2002"; VariantName = "[No Variations]"
Add component (AddParameter): Name = "LatestRevisionNote"; Value = "Re-released for DXP Platform."; VariantName = "[No Variations]"
Add component (AddParameter): Name = "PackageReference"; Value = "SMB"; VariantName = "[No Variations]"
Add component (AddParameter): Name = "Published"; Value = "8-Jun-2000"; VariantName = "[No Variations]"
Add component (AddParameter): Name = "Publisher"; Value = "Altium Limited"; VariantName = "[No Variations]"
Added Component: Designator=D2(1N4148_S)
Add component (AddParameter): Name = "Code_JEDEC"; Value = "DO-214-AA"; VariantName = "[No Variations]"
Add component (AddParameter): Name = "LatestRevisionDate"; Value = "17-Jul-2002"; VariantName = "[No Variations]"
Add component (AddParameter): Name = "LatestRevisionNote"; Value = "Re-released for DXP Platform."; VariantName = "[No Variations]"
Add component (AddParameter): Name = "PackageReference"; Value = "SMB"; VariantName = "[No Variations]"
Add component (AddParameter): Name = "Published"; Value = "8-Jun-2000"; VariantName = "[No Variations]"
Add component (AddParameter): Name = "Publisher"; Value = "Altium Limited"; VariantName = "[No Variations]"
Added Component: Designator=R1(RES 0603)
Add component (AddParameter): Name = "Manufacture"; Value = "xxR/Precision/Footprint"; VariantName = "[No Variations]"
Add component (AddParameter): Name = "Sch Name"; Value = "1k"; VariantName = "[No Variations]"
Added Pin To Net: NetName=VCC Pin=JY901_1-2
Added Pin To Net: NetName=VCC Pin=JYRM3100_1-2
Added Pin To Net: NetName=VCC Pin=R1-2
Added Pin To Net: NetName=901_RX Pin=JY901_1-3
Added Pin To Net: NetName=901_RX Pin=JYRM3100_1-3
Added Pin To Net: NetName=901_RX Pin=MASTER1-3
Added Net: Name=901_RX
Added Pin To Net: NetName=901_TX Pin=D1-2
Added Pin To Net: NetName=901_TX Pin=JY901_1-4
Added Net: Name=901_TX
Added Pin To Net: NetName=3100_TX Pin=D2-2
Added Pin To Net: NetName=3100_TX Pin=JYRM3100_1-4
Added Net: Name=3100_TX
Added Pin To Net: NetName=GND Pin=JY901_1-5
Added Pin To Net: NetName=GND Pin=JYRM3100_1-5
Added Pin To Net: NetName=GND Pin=MASTER1-5
Added Net: Name=GND
Added Pin To Net: NetName=M_RX Pin=D1-1
Added Pin To Net: NetName=M_RX Pin=D2-1
Added Pin To Net: NetName=M_RX Pin=MASTER1-4
Added Pin To Net: NetName=M_RX Pin=R1-1
Added Net: Name=M_RX
Added Member To Class: ClassName=UART_BUS Member=Component D1 1N4148
Added Member To Class: ClassName=UART_BUS Member=Component D2 1N4148
Added Member To Class: ClassName=UART_BUS Member=Component R1 xxR/Precision/Footprint
Added Room: Name=UART_BUS
